#
# A fatal error has been detected by the Java Runtime Environment:
#
#  Internal Error (synchronizer.cpp:1552), pid=27716, tid=0x0000000000002d03
#  guarantee(!mid->is_busy()) failed: invariant
#
# JRE version: OpenJDK Runtime Environment (8.0_242) (build 1.8.0_242-release-1644-b3-6222593)
# Java VM: OpenJDK 64-Bit Server VM (25.242-b3-6222593 mixed mode bsd-amd64 compressed oops)
# Failed to write core dump. Core dumps have been disabled. To enable core dumping, try "ulimit -c unlimited" before starting Java again
#
# If you would like to submit a bug report, please visit:
#   http://bugreport.java.com/bugreport/crash.jsp
#

---------------  T H R E A D  ---------------

Current thread (0x00007fcbbf83c800):  VMThread [stack: 0x000070000796e000,0x0000700007a6e000] [id=11523]

Stack: [0x000070000796e000,0x0000700007a6e000],  sp=0x0000700007a6db50,  free space=1022k
Native frames: (J=compiled Java code, j=interpreted, Vv=VM code, C=native code)
V  [libjvm.dylib+0x56516a]  VMError::report_and_die()+0x3d2
V  [libjvm.dylib+0x1d1ac3]  report_vm_error(char const*, int, char const*, char const*)+0x55
V  [libjvm.dylib+0x501a48]  ObjectSynchronizer::deflate_idle_monitors()+0x17c
V  [libjvm.dylib+0x4b479a]  SafepointSynchronize::do_cleanup_tasks()+0x2e
V  [libjvm.dylib+0x4b42a2]  SafepointSynchronize::begin()+0x3cc
V  [libjvm.dylib+0x575675]  VMThread::loop()+0xad
V  [libjvm.dylib+0x5754bd]  VMThread::run()+0x85
V  [libjvm.dylib+0x45b9eb]  java_start(Thread*)+0xfa
C  [libsystem_pthread.dylib+0x6109]  _pthread_start+0x94
C  [libsystem_pthread.dylib+0x1b8b]  thread_start+0xf

VM_Operation (0x000070000ad04428): RevokeBias, mode: safepoint, requested by thread 0x00007fcbc89f6000


---------------  P R O C E S S  ---------------

Java Threads: ( => current thread )
  0x00007fcbc43dc000 JavaThread "WorkerExecutor Queue Thread 14" [_thread_blocked, id=52491, stack(0x000070000d47e000,0x000070000d57e000)]
  0x00007fcbcb20f000 JavaThread "WorkerExecutor Queue Thread 13" [_thread_blocked, id=74247, stack(0x000070000d175000,0x000070000d275000)]
  0x00007fcbca950000 JavaThread "WorkerExecutor Queue Thread 12" [_thread_blocked, id=55559, stack(0x000070000cf6f000,0x000070000d06f000)]
  0x00007fcbc716a800 JavaThread "WorkerExecutor Queue Thread 11" [_thread_blocked, id=74503, stack(0x000070000c95d000,0x000070000ca5d000)]
  0x00007fcbca95f000 JavaThread "WorkerExecutor Queue Thread 10" [_thread_blocked, id=55051, stack(0x000070000ae0d000,0x000070000af0d000)]
  0x00007fcbc72c7000 JavaThread "WorkerExecutor Queue Thread 9" [_thread_blocked, id=77063, stack(0x000070000b522000,0x000070000b622000)]
  0x00007fcbc32a5800 JavaThread "Cache worker for Java compile cache (/Users/goose/AndroidStudioProjects/Lista/.gradle/6.1.1/javaCompile)" [_thread_blocked, id=75015, stack(0x000070000b116000,0x000070000b216000)]
  0x00007fcbc32a5000 JavaThread "Cache worker for Java compile cache (/Users/goose/.gradle/caches/6.1.1/javaCompile)" [_thread_blocked, id=73991, stack(0x000070000b013000,0x000070000b113000)]
  0x00007fcbc310c800 JavaThread "RMI TCP Connection(2)-127.0.0.1" daemon [_thread_in_native, id=54027, stack(0x000070000af10000,0x000070000b010000)]
  0x00007fcbc6fa1000 JavaThread "ForkJoinPool.commonPool-worker-6" daemon [_thread_blocked, id=75779, stack(0x000070000d37b000,0x000070000d47b000)]
  0x00007fcbc8d6d800 JavaThread "ForkJoinPool.commonPool-worker-5" daemon [_thread_blocked, id=76035, stack(0x000070000d278000,0x000070000d378000)]
  0x00007fcbc4a4c800 JavaThread "ForkJoinPool.commonPool-worker-3" daemon [_thread_blocked, id=76803, stack(0x000070000d072000,0x000070000d172000)]
  0x00007fcbc34bf000 JavaThread "ForkJoinPool.commonPool-worker-1" daemon [_thread_blocked, id=53251, stack(0x000070000ce6c000,0x000070000cf6c000)]
  0x00007fcbc3729800 JavaThread "RMI TCP Connection(1)-127.0.0.1" daemon [_thread_in_native, id=52995, stack(0x000070000cd69000,0x000070000ce69000)]
  0x00007fcbbe54b000 JavaThread "RMI Reaper" [_thread_blocked, id=77827, stack(0x000070000cc66000,0x000070000cd66000)]
  0x00007fcbbf9b0000 JavaThread "RMI TCP Accept-0" daemon [_thread_in_native, id=78339, stack(0x000070000cb63000,0x000070000cc63000)]
  0x00007fcbc8a3e000 JavaThread "GC Daemon" daemon [_thread_blocked, id=78595, stack(0x000070000ca60000,0x000070000cb60000)]
  0x00007fcbc8e78800 JavaThread "RMI Scheduler(0)" daemon [_thread_blocked, id=79367, stack(0x000070000c85a000,0x000070000c95a000)]
  0x00007fcbc68af000 JavaThread "process reaper" daemon [_thread_in_native, id=79875, stack(0x000070000c82f000,0x000070000c857000)]
  0x00007fcbc703e000 JavaThread "stdout" [_thread_in_native, id=80387, stack(0x000070000c72c000,0x000070000c82c000)]
  0x00007fcbc4f6c000 JavaThread "stderr" [_thread_in_native, id=80643, stack(0x000070000c629000,0x000070000c729000)]
  0x00007fcbc703d000 JavaThread "process reaper" daemon [_thread_in_native, id=51971, stack(0x000070000c5fe000,0x000070000c626000)]
  0x00007fcbbe6b4800 JavaThread "stdout" [_thread_in_native, id=51459, stack(0x000070000c4fb000,0x000070000c5fb000)]
  0x00007fcbbe6b4000 JavaThread "stdout" [_thread_in_native, id=51203, stack(0x000070000c3f8000,0x000070000c4f8000)]
  0x00007fcbc3254000 JavaThread "stderr" [_thread_in_native, id=50947, stack(0x000070000c2f5000,0x000070000c3f5000)]
  0x00007fcbc703c800 JavaThread "stderr" [_thread_in_native, id=50691, stack(0x000070000c1f2000,0x000070000c2f2000)]
  0x00007fcbc6b35000 JavaThread "process reaper" daemon [_thread_in_native, id=81923, stack(0x000070000c1c7000,0x000070000c1ef000)]
  0x00007fcbc6b34000 JavaThread "process reaper" daemon [_thread_in_native, id=50179, stack(0x000070000c19c000,0x000070000c1c4000)]
  0x00007fcbbe6b3000 JavaThread "stdout" [_thread_in_native, id=82435, stack(0x000070000c099000,0x000070000c199000)]
  0x00007fcbc8d70000 JavaThread "stderr" [_thread_in_native, id=82691, stack(0x000070000bf96000,0x000070000c096000)]
  0x00007fcbc6b33800 JavaThread "process reaper" daemon [_thread_in_native, id=83203, stack(0x000070000bf6b000,0x000070000bf93000)]
  0x00007fcbbe6b2800 JavaThread "stdout" [_thread_in_native, id=83459, stack(0x000070000be68000,0x000070000bf68000)]
  0x00007fcbbe6b1800 JavaThread "stdout" [_thread_in_native, id=49155, stack(0x000070000bd65000,0x000070000be65000)]
  0x00007fcbbe6b1000 JavaThread "stderr" [_thread_in_native, id=48899, stack(0x000070000bc62000,0x000070000bd62000)]
  0x00007fcbbe6b0000 JavaThread "stderr" [_thread_in_native, id=48387, stack(0x000070000bb5f000,0x000070000bc5f000)]
  0x00007fcbc6b32800 JavaThread "stdout" [_thread_in_native, id=84227, stack(0x000070000ba5c000,0x000070000bb5c000)]
  0x00007fcbc2e98000 JavaThread "stderr" [_thread_in_native, id=84739, stack(0x000070000b959000,0x000070000ba59000)]
  0x00007fcbc31d8800 JavaThread "stdout" [_thread_in_native, id=47875, stack(0x000070000b856000,0x000070000b956000)]
  0x00007fcbc5b12000 JavaThread "stderr" [_thread_in_native, id=85251, stack(0x000070000b753000,0x000070000b853000)]
  0x00007fcbbec26800 JavaThread "process reaper" daemon [_thread_in_native, id=47107, stack(0x000070000b728000,0x000070000b750000)]
  0x00007fcbc6b32000 JavaThread "process reaper" daemon [_thread_in_native, id=85763, stack(0x0000700007d50000,0x0000700007d78000)]
  0x00007fcbc4f6a000 JavaThread "process reaper" daemon [_thread_in_native, id=46595, stack(0x0000700007d25000,0x0000700007d4d000)]
  0x00007fcbc5b11000 JavaThread "process reaper" daemon [_thread_in_native, id=46083, stack(0x0000700007cfa000,0x0000700007d22000)]
  0x00007fcbc308e800 JavaThread "pool-4-thread-1" [_thread_blocked, id=86275, stack(0x000070000b625000,0x000070000b725000)]
  0x00007fcbc5b05000 JavaThread "MarlinRenderer Disposer" daemon [_thread_blocked, id=45063, stack(0x000070000b41f000,0x000070000b51f000)]
  0x00007fcbbfd7f800 JavaThread "Java2D Disposer" daemon [_thread_blocked, id=45575, stack(0x000070000b31c000,0x000070000b41c000)]
  0x00007fcbc5b04000 JavaThread "AWT-AppKit" daemon [_thread_in_native, id=775, stack(0x00007ffee5b49000,0x00007ffee6349000)]
  0x00007fcbc6b0d800 JavaThread "WorkerExecutor Queue Thread 7" [_thread_blocked, id=86787, stack(0x000070000b219000,0x000070000b319000)]
  0x00007fcbbfd84000 JavaThread "WorkerExecutor Queue Thread 2" [_thread_blocked, id=31491, stack(0x000070000ad0a000,0x000070000ae0a000)]
  0x00007fcbc89f6000 JavaThread "WorkerExecutor Queue" [_thread_blocked, id=29959, stack(0x000070000ac07000,0x000070000ad07000)]
  0x00007fcbc062c000 JavaThread "Cache worker for execution history cache (/Users/goose/AndroidStudioProjects/Lista/.gradle/6.1.1/executionHistory)" [_thread_blocked, id=33543, stack(0x000070000ab04000,0x000070000ac04000)]
  0x00007fcbc8fd4800 JavaThread "Execution worker for ':' Thread 7" [_thread_blocked, id=34059, stack(0x000070000aa01000,0x000070000ab01000)]
  0x00007fcbc3b7e800 JavaThread "Execution worker for ':' Thread 6" [_thread_blocked, id=28939, stack(0x000070000a8fe000,0x000070000a9fe000)]
  0x00007fcbbe5f8000 JavaThread "Execution worker for ':' Thread 5" [_thread_blocked, id=34827, stack(0x000070000a7fb000,0x000070000a8fb000)]
  0x00007fcbc6f0f800 JavaThread "Execution worker for ':' Thread 4" [_thread_blocked, id=33291, stack(0x000070000a6f8000,0x000070000a7f8000)]
  0x00007fcbc4dc5800 JavaThread "Execution worker for ':' Thread 3" [_thread_blocked, id=29451, stack(0x000070000a5f5000,0x000070000a6f5000)]
  0x00007fcbc2937800 JavaThread "Execution worker for ':' Thread 2" [_thread_blocked, id=27915, stack(0x000070000a4f2000,0x000070000a5f2000)]
  0x00007fcbc740e800 JavaThread "Execution worker for ':'" [_thread_blocked, id=30987, stack(0x000070000a3ef000,0x000070000a4ef000)]
  0x00007fcbc71cc800 JavaThread "Cache worker for file content cache (/Users/goose/AndroidStudioProjects/Lista/.gradle/6.1.1/fileContent)" [_thread_blocked, id=38923, stack(0x000070000a2ec000,0x000070000a3ec000)]
  0x00007fcbc3b81000 JavaThread "Cache worker for Build Output Cleanup Cache (/Users/goose/AndroidStudioProjects/Lista/.gradle/buildOutputCleanup)" [_thread_blocked, id=30219, stack(0x0000700009fe3000,0x000070000a0e3000)]
  0x00007fcbc3b80000 JavaThread "pool-3-thread-1" [_thread_blocked, id=25867, stack(0x0000700009ee0000,0x0000700009fe0000)]
  0x00007fcbc3df5000 JavaThread "Build operations Thread 8" [_thread_blocked, id=36107, stack(0x0000700009ddd000,0x0000700009edd000)]
  0x00007fcbc3df4000 JavaThread "Build operations Thread 7" [_thread_blocked, id=38411, stack(0x0000700009cda000,0x0000700009dda000)]
  0x00007fcbc89cc000 JavaThread "Build operations Thread 6" [_thread_blocked, id=23307, stack(0x0000700009bd7000,0x0000700009cd7000)]
  0x00007fcbc6fe1800 JavaThread "Build operations Thread 5" [_thread_blocked, id=40203, stack(0x0000700009ad4000,0x0000700009bd4000)]
  0x00007fcbc2f09800 JavaThread "Build operations Thread 4" [_thread_blocked, id=24075, stack(0x00007000099d1000,0x0000700009ad1000)]
  0x00007fcbbfe1d800 JavaThread "Build operations Thread 3" [_thread_blocked, id=26635, stack(0x00007000098ce000,0x00007000099ce000)]
  0x00007fcbc6fe0800 JavaThread "Build operations Thread 2" [_thread_blocked, id=27403, stack(0x00007000097cb000,0x00007000098cb000)]
  0x00007fcbc2f08800 JavaThread "Build operations" [_thread_blocked, id=24587, stack(0x00007000096c8000,0x00007000097c8000)]
  0x00007fcbbf90f000 JavaThread "Cache worker for cache directory md-rule (/Users/goose/.gradle/caches/6.1.1/md-rule)" [_thread_blocked, id=27147, stack(0x00007000094c2000,0x00007000095c2000)]
  0x00007fcbc75ed000 JavaThread "Cache worker for cache directory md-supplier (/Users/goose/.gradle/caches/6.1.1/md-supplier)" [_thread_blocked, id=24331, stack(0x00007000093bf000,0x00007000094bf000)]
  0x00007fcbc3deb800 JavaThread "Cache worker for file hash cache (/Users/goose/AndroidStudioProjects/Lista/.gradle/6.1.1/fileHashes)" [_thread_blocked, id=37131, stack(0x00007000092bc000,0x00007000093bc000)]
  0x00007fcbc4c7b000 JavaThread "Cache worker for checksums cache (/Users/goose/AndroidStudioProjects/Lista/.gradle/checksums)" [_thread_blocked, id=37643, stack(0x00007000091b9000,0x00007000092b9000)]
  0x00007fcbbfff6000 JavaThread "Thread-68" [_thread_blocked, id=40715, stack(0x0000700008dad000,0x0000700008ead000)]
  0x00007fcbc3deb000 JavaThread "Stdin handler" [_thread_blocked, id=41483, stack(0x0000700008caa000,0x0000700008daa000)]
  0x00007fcbbe608000 JavaThread "Asynchronous log dispatcher for DefaultDaemonConnection: socket connection from /127.0.0.1:53360 to /127.0.0.1:54846" [_thread_blocked, id=41739, stack(0x0000700008ba7000,0x0000700008ca7000)]
  0x00007fcbc6fdd000 JavaThread "Cancel handler" [_thread_blocked, id=28683, stack(0x00007000089a1000,0x0000700008aa1000)]
  0x00007fcbc3dec800 JavaThread "Handler for socket connection from /127.0.0.1:53360 to /127.0.0.1:54846" [_thread_in_native, id=41227, stack(0x000070000889e000,0x000070000899e000)]
  0x00007fcbc75ec000 JavaThread "Daemon worker Thread 2" [_thread_blocked, id=35847, stack(0x0000700008aa4000,0x0000700008ba4000)]
  0x00007fcbbed3c800 JavaThread "Daemon Thread 2" [_thread_blocked, id=42247, stack(0x000070000879b000,0x000070000889b000)]
  0x00007fcbc894f000 JavaThread "Cache worker for file content cache (/Users/goose/.gradle/caches/6.1.1/fileContent)" [_thread_blocked, id=28419, stack(0x000070000a1e9000,0x000070000a2e9000)]
  0x00007fcbc8bb2000 JavaThread "Memory manager" [_thread_blocked, id=12807, stack(0x000070000a0e6000,0x000070000a1e6000)]
  0x00007fcbc0375800 JavaThread "Cache worker for execution history cache (/Users/goose/.gradle/caches/6.1.1/executionHistory)" [_thread_blocked, id=25347, stack(0x00007000095c5000,0x00007000096c5000)]
  0x00007fcbc0372800 JavaThread "Cache worker for file hash cache (/Users/goose/.gradle/caches/6.1.1/fileHashes)" [_thread_blocked, id=39427, stack(0x00007000090b6000,0x00007000091b6000)]
  0x00007fcbc4906000 JavaThread "File lock request listener" [_thread_in_native, id=23555, stack(0x0000700008fb3000,0x00007000090b3000)]
  0x00007fcbc4904800 JavaThread "Cache worker for journal cache (/Users/goose/.gradle/caches/journal-1)" [_thread_blocked, id=39939, stack(0x0000700008eb0000,0x0000700008fb0000)]
  0x00007fcbc0351800 JavaThread "Daemon periodic checks" [_thread_blocked, id=42755, stack(0x0000700008698000,0x0000700008798000)]
  0x00007fcbbfcfc800 JavaThread "Incoming local TCP Connector on port 53360" [_thread_in_native, id=43267, stack(0x0000700008595000,0x0000700008695000)]
  0x00007fcbbedbc000 JavaThread "Daemon health stats" [_thread_blocked, id=21763, stack(0x0000700008492000,0x0000700008592000)]
  0x00007fcbbe068800 JavaThread "Service Thread" daemon [_thread_blocked, id=15363, stack(0x000070000828c000,0x000070000838c000)]
  0x00007fcbbe046000 JavaThread "C1 CompilerThread3" daemon [_thread_blocked, id=15107, stack(0x0000700008189000,0x0000700008289000)]
  0x00007fcbc0008800 JavaThread "C2 CompilerThread2" daemon [_thread_blocked, id=16899, stack(0x0000700008086000,0x0000700008186000)]
  0x00007fcbbe045000 JavaThread "C2 CompilerThread1" daemon [_thread_in_native, id=14851, stack(0x0000700007f83000,0x0000700008083000)]
  0x00007fcbbf849000 JavaThread "C2 CompilerThread0" daemon [_thread_blocked, id=17411, stack(0x0000700007e80000,0x0000700007f80000)]
  0x00007fcbbf848800 JavaThread "Signal Dispatcher" daemon [_thread_blocked, id=17667, stack(0x0000700007d7d000,0x0000700007e7d000)]
  0x00007fcbbe81a000 JavaThread "Finalizer" daemon [_thread_blocked, id=19203, stack(0x0000700007b74000,0x0000700007c74000)]
  0x00007fcbbe817000 JavaThread "Reference Handler" daemon [_thread_blocked, id=11779, stack(0x0000700007a71000,0x0000700007b71000)]
  0x00007fcbbe809000 JavaThread "main" [_thread_blocked, id=3331, stack(0x0000700007053000,0x0000700007153000)]

Other Threads:
=>0x00007fcbbf83c800 VMThread [stack: 0x000070000796e000,0x0000700007a6e000] [id=11523]
  0x00007fcbbe069800 WatcherThread [stack: 0x000070000838f000,0x000070000848f000] [id=15619]

VM state:at safepoint (normal execution)

VM Mutex/Monitor currently owned by a thread:  ([mutex/lock_event])
[0x00007fcbbde05370] Safepoint_lock - owner thread: 0x00007fcbbf83c800
[0x00007fcbbde053f0] Threads_lock - owner thread: 0x00007fcbbf83c800

heap address: 0x0000000740000000, size: 2048 MB, Compressed Oops mode: Zero based, Oop shift amount: 3
Narrow klass base: 0x0000000000000000, Narrow klass shift: 3
Compressed class space size: 1073741824 Address: 0x00000007c0000000

Heap:
 PSYoungGen      total 346624K, used 51759K [0x0000000795580000, 0x00000007b1900000, 0x00000007c0000000)
  eden space 236032K, 2% used [0x0000000795580000,0x0000000795b4c240,0x00000007a3c00000)
  from space 110592K, 41% used [0x00000007aad00000,0x00000007ad9bfc00,0x00000007b1900000)
  to   space 113152K, 0% used [0x00000007a3c00000,0x00000007a3c00000,0x00000007aaa80000)
 ParOldGen       total 434688K, used 201233K [0x0000000740000000, 0x000000075a880000, 0x0000000795580000)
  object space 434688K, 46% used [0x0000000740000000,0x000000074c484778,0x000000075a880000)
 Metaspace       used 123408K, capacity 128674K, committed 128920K, reserved 1161216K
  class space    used 15921K, capacity 17006K, committed 17072K, reserved 1048576K

Card table byte_map: [0x000000010bc78000,0x000000010c079000] byte_map_base: 0x0000000108278000

Marking Bits: (ParMarkBitMap*) 0x000000010b2273f8
 Begin Bits: [0x000000010c324000, 0x000000010e324000)
 End Bits:   [0x000000010e324000, 0x0000000110324000)

Polling page: 0x000000010994b000

CodeCache: size=245760Kb used=49799Kb max_used=49810Kb free=195960Kb
 bounds [0x000000011628e000, 0x000000011939e000, 0x000000012528e000]
 total_blobs=17399 nmethods=16305 adapters=1006
 compilation: enabled

Compilation events (10 events):
Event: 2418.108 Thread 0x00007fcbc0008800 20183       4       com.android.tools.r8.graph.S::collectMixedSectionItems (9 bytes)
Event: 2418.109 Thread 0x00007fcbc0008800 nmethod 20183 0x0000000118f84e90 code [0x0000000118f84fe0, 0x0000000118f85088]
Event: 2418.109 Thread 0x00007fcbc0008800 20176       4       java.util.stream.ReferencePipeline::anyMatch (18 bytes)
Event: 2418.197 Thread 0x00007fcbbe046000 nmethod 19898 0x0000000118f85f90 code [0x0000000118f86120, 0x0000000118f86448]
Event: 2418.197 Thread 0x00007fcbbe046000 19916       1       com.android.builder.merge.IncrementalFileMergerState::getInputNames (5 bytes)
Event: 2418.197 Thread 0x00007fcbbe046000 nmethod 19916 0x00000001171b6d50 code [0x00000001171b6ea0, 0x00000001171b6fb0]
Event: 2418.197 Thread 0x00007fcbbe046000 20185       2       com.android.tools.r8.u.b.m1::f (15 bytes)
Event: 2418.202 Thread 0x00007fcbc0008800 nmethod 20176 0x0000000118f85690 code [0x0000000118f85820, 0x0000000118f85b58]
Event: 2418.202 Thread 0x00007fcbc0008800 20188       4       java.util.IdentityHashMap$KeySpliterator::forEachRemaining (112 bytes)
Event: 2418.204 Thread 0x00007fcbbf849000 20189       4       com.android.tools.r8.graph.U::<init> (69 bytes)

GC Heap History (10 events):
Event: 2408.264 GC heap before
{Heap before GC invocations=24 (full 4):
 PSYoungGen      total 220160K, used 211409K [0x0000000795580000, 0x00000007a7e80000, 0x00000007c0000000)
  eden space 165888K, 99% used [0x0000000795580000,0x000000079f776ab8,0x000000079f780000)
  from space 54272K, 83% used [0x000000079f780000,0x00000007a23fdd38,0x00000007a2c80000)
  to   space 58880K, 0% used [0x00000007a4500000,0x00000007a4500000,0x00000007a7e80000)
 ParOldGen       total 434688K, used 66224K [0x0000000740000000, 0x000000075a880000, 0x0000000795580000)
  object space 434688K, 15% used [0x0000000740000000,0x00000007440ac370,0x000000075a880000)
 Metaspace       used 108169K, capacity 112220K, committed 113432K, reserved 1148928K
  class space    used 13896K, capacity 14685K, committed 14896K, reserved 1048576K
Event: 2408.335 GC heap after
Heap after GC invocations=24 (full 4):
 PSYoungGen      total 226816K, used 58873K [0x0000000795580000, 0x00000007aab80000, 0x00000007c0000000)
  eden space 167936K, 0% used [0x0000000795580000,0x0000000795580000,0x000000079f980000)
  from space 58880K, 99% used [0x00000007a4500000,0x00000007a7e7e630,0x00000007a7e80000)
  to   space 77312K, 0% used [0x000000079f980000,0x000000079f980000,0x00000007a4500000)
 ParOldGen       total 434688K, used 92228K [0x0000000740000000, 0x000000075a880000, 0x0000000795580000)
  object space 434688K, 21% used [0x0000000740000000,0x0000000745a113f8,0x000000075a880000)
 Metaspace       used 108169K, capacity 112220K, committed 113432K, reserved 1148928K
  class space    used 13896K, capacity 14685K, committed 14896K, reserved 1048576K
}
Event: 2409.990 GC heap before
{Heap before GC invocations=25 (full 4):
 PSYoungGen      total 226816K, used 226809K [0x0000000795580000, 0x00000007aab80000, 0x00000007c0000000)
  eden space 167936K, 100% used [0x0000000795580000,0x000000079f980000,0x000000079f980000)
  from space 58880K, 99% used [0x00000007a4500000,0x00000007a7e7e630,0x00000007a7e80000)
  to   space 77312K, 0% used [0x000000079f980000,0x000000079f980000,0x00000007a4500000)
 ParOldGen       total 434688K, used 92236K [0x0000000740000000, 0x000000075a880000, 0x0000000795580000)
  object space 434688K, 21% used [0x0000000740000000,0x0000000745a132d8,0x000000075a880000)
 Metaspace       used 113032K, capacity 117198K, committed 118168K, reserved 1153024K
  class space    used 14488K, capacity 15318K, committed 15536K, reserved 1048576K
Event: 2410.070 GC heap after
Heap after GC invocations=25 (full 4):
 PSYoungGen      total 245248K, used 77298K [0x0000000795580000, 0x00000007aee00000, 0x00000007c0000000)
  eden space 167936K, 0% used [0x0000000795580000,0x0000000795580000,0x000000079f980000)
  from space 77312K, 99% used [0x000000079f980000,0x00000007a44fc898,0x00000007a4500000)
  to   space 107520K, 0% used [0x00000007a8500000,0x00000007a8500000,0x00000007aee00000)
 ParOldGen       total 434688K, used 140951K [0x0000000740000000, 0x000000075a880000, 0x0000000795580000)
  object space 434688K, 32% used [0x0000000740000000,0x00000007489a5cd8,0x000000075a880000)
 Metaspace       used 113032K, capacity 117198K, committed 118168K, reserved 1153024K
  class space    used 14488K, capacity 15318K, committed 15536K, reserved 1048576K
}
Event: 2411.805 GC heap before
{Heap before GC invocations=26 (full 4):
 PSYoungGen      total 245248K, used 245234K [0x0000000795580000, 0x00000007aee00000, 0x00000007c0000000)
  eden space 167936K, 100% used [0x0000000795580000,0x000000079f980000,0x000000079f980000)
  from space 77312K, 99% used [0x000000079f980000,0x00000007a44fc898,0x00000007a4500000)
  to   space 107520K, 0% used [0x00000007a8500000,0x00000007a8500000,0x00000007aee00000)
 ParOldGen       total 434688K, used 140951K [0x0000000740000000, 0x000000075a880000, 0x0000000795580000)
  object space 434688K, 32% used [0x0000000740000000,0x00000007489a5cd8,0x000000075a880000)
 Metaspace       used 117143K, capacity 121388K, committed 122008K, reserved 1155072K
  class space    used 15016K, capacity 15859K, committed 16048K, reserved 1048576K
Event: 2411.898 GC heap after
Heap after GC invocations=26 (full 4):
 PSYoungGen      total 297472K, used 95477K [0x0000000795580000, 0x00000007b0b80000, 0x00000007c0000000)
  eden space 189952K, 0% used [0x0000000795580000,0x0000000795580000,0x00000007a0f00000)
  from space 107520K, 88% used [0x00000007a8500000,0x00000007ae23d480,0x00000007aee00000)
  to   space 120832K, 0% used [0x00000007a0f00000,0x00000007a0f00000,0x00000007a8500000)
 ParOldGen       total 434688K, used 140959K [0x0000000740000000, 0x000000075a880000, 0x0000000795580000)
  object space 434688K, 32% used [0x0000000740000000,0x00000007489a7cd8,0x000000075a880000)
 Metaspace       used 117143K, capacity 121388K, committed 122008K, reserved 1155072K
  class space    used 15016K, capacity 15859K, committed 16048K, reserved 1048576K
}
Event: 2416.803 GC heap before
{Heap before GC invocations=27 (full 4):
 PSYoungGen      total 297472K, used 284292K [0x0000000795580000, 0x00000007b0b80000, 0x00000007c0000000)
  eden space 189952K, 99% used [0x0000000795580000,0x00000007a0de3dc8,0x00000007a0f00000)
  from space 107520K, 88% used [0x00000007a8500000,0x00000007ae23d480,0x00000007aee00000)
  to   space 120832K, 0% used [0x00000007a0f00000,0x00000007a0f00000,0x00000007a8500000)
 ParOldGen       total 434688K, used 140959K [0x0000000740000000, 0x000000075a880000, 0x0000000795580000)
  object space 434688K, 32% used [0x0000000740000000,0x00000007489a7cd8,0x000000075a880000)
 Metaspace       used 119237K, capacity 123594K, committed 123928K, reserved 1157120K
  class space    used 15270K, capacity 16094K, committed 16176K, reserved 1048576K
Event: 2416.891 GC heap after
Heap after GC invocations=27 (full 4):
 PSYoungGen      total 310784K, used 64618K [0x0000000795580000, 0x00000007b2200000, 0x00000007c0000000)
  eden space 189952K, 0% used [0x0000000795580000,0x0000000795580000,0x00000007a0f00000)
  from space 120832K, 53% used [0x00000007a0f00000,0x00000007a4e1a910,0x00000007a8500000)
  to   space 119808K, 0% used [0x00000007aad00000,0x00000007aad00000,0x00000007b2200000)
 ParOldGen       total 434688K, used 156871K [0x0000000740000000, 0x000000075a880000, 0x0000000795580000)
  object space 434688K, 36% used [0x0000000740000000,0x0000000749931f90,0x000000075a880000)
 Metaspace       used 119237K, capacity 123594K, committed 123928K, reserved 1157120K
  class space    used 15270K, capacity 16094K, committed 16176K, reserved 1048576K
}
Event: 2418.122 GC heap before
{Heap before GC invocations=28 (full 4):
 PSYoungGen      total 310784K, used 254570K [0x0000000795580000, 0x00000007b2200000, 0x00000007c0000000)
  eden space 189952K, 100% used [0x0000000795580000,0x00000007a0f00000,0x00000007a0f00000)
  from space 120832K, 53% used [0x00000007a0f00000,0x00000007a4e1a910,0x00000007a8500000)
  to   space 119808K, 0% used [0x00000007aad00000,0x00000007aad00000,0x00000007b2200000)
 ParOldGen       total 434688K, used 156871K [0x0000000740000000, 0x000000075a880000, 0x0000000795580000)
  object space 434688K, 36% used [0x0000000740000000,0x0000000749931f90,0x000000075a880000)
 Metaspace       used 123408K, capacity 128674K, committed 128920K, reserved 1161216K
  class space    used 15921K, capacity 17006K, committed 17072K, reserved 1048576K
Event: 2418.196 GC heap after
Heap after GC invocations=28 (full 4):
 PSYoungGen      total 346624K, used 45823K [0x0000000795580000, 0x00000007b1900000, 0x00000007c0000000)
  eden space 236032K, 0% used [0x0000000795580000,0x0000000795580000,0x00000007a3c00000)
  from space 110592K, 41% used [0x00000007aad00000,0x00000007ad9bfc00,0x00000007b1900000)
  to   space 113152K, 0% used [0x00000007a3c00000,0x00000007a3c00000,0x00000007aaa80000)
 ParOldGen       total 434688K, used 201233K [0x0000000740000000, 0x000000075a880000, 0x0000000795580000)
  object space 434688K, 46% used [0x0000000740000000,0x000000074c484778,0x000000075a880000)
 Metaspace       used 123408K, capacity 128674K, committed 128920K, reserved 1161216K
  class space    used 15921K, capacity 17006K, committed 17072K, reserved 1048576K
}

Deoptimization events (10 events):
Event: 2418.052 Thread 0x00007fcbc716a800 Uncommon trap: reason=class_check action=maybe_recompile pc=0x00000001188100e8 method=com.android.tools.r8.graph.W.a(Lcom/android/tools/r8/naming/I;Lcom/android/tools/r8/graph/K0;Lcom/android/tools/r8/graph/K0;)I @ 3
Event: 2418.052 Thread 0x00007fcbc716a800 Uncommon trap: reason=class_check action=maybe_recompile pc=0x00000001188100e8 method=com.android.tools.r8.graph.W.a(Lcom/android/tools/r8/naming/I;Lcom/android/tools/r8/graph/K0;Lcom/android/tools/r8/graph/K0;)I @ 3
Event: 2418.052 Thread 0x00007fcbc716a800 Uncommon trap: reason=class_check action=maybe_recompile pc=0x00000001188100e8 method=com.android.tools.r8.graph.W.a(Lcom/android/tools/r8/naming/I;Lcom/android/tools/r8/graph/K0;Lcom/android/tools/r8/graph/K0;)I @ 3
Event: 2418.052 Thread 0x00007fcbc716a800 Uncommon trap: reason=class_check action=maybe_recompile pc=0x00000001188100e8 method=com.android.tools.r8.graph.W.a(Lcom/android/tools/r8/naming/I;Lcom/android/tools/r8/graph/K0;Lcom/android/tools/r8/graph/K0;)I @ 3
Event: 2418.054 Thread 0x00007fcbbfd84000 Uncommon trap: reason=class_check action=maybe_recompile pc=0x0000000118f321bc method=java.util.TreeMap$KeySet.iterator()Ljava/util/Iterator; @ 25
Event: 2418.058 Thread 0x00007fcbbfd84000 Uncommon trap: reason=class_check action=maybe_recompile pc=0x0000000118f321bc method=java.util.TreeMap$KeySet.iterator()Ljava/util/Iterator; @ 25
Event: 2418.071 Thread 0x00007fcbc716a800 Uncommon trap: reason=bimorphic action=maybe_recompile pc=0x00000001165c9630 method=com.android.tools.r8.graph.W.a(Lcom/android/tools/r8/naming/I;Lcom/android/tools/r8/graph/K0;Lcom/android/tools/r8/graph/K0;)I @ 3
Event: 2418.071 Thread 0x00007fcbc716a800 Uncommon trap: reason=bimorphic action=maybe_recompile pc=0x00000001165c9630 method=com.android.tools.r8.graph.W.a(Lcom/android/tools/r8/naming/I;Lcom/android/tools/r8/graph/K0;Lcom/android/tools/r8/graph/K0;)I @ 3
Event: 2418.071 Thread 0x00007fcbc716a800 Uncommon trap: reason=bimorphic action=maybe_recompile pc=0x00000001165c9630 method=com.android.tools.r8.graph.W.a(Lcom/android/tools/r8/naming/I;Lcom/android/tools/r8/graph/K0;Lcom/android/tools/r8/graph/K0;)I @ 3
Event: 2418.071 Thread 0x00007fcbc716a800 Uncommon trap: reason=bimorphic action=maybe_recompile pc=0x00000001165c9630 method=com.android.tools.r8.graph.W.a(Lcom/android/tools/r8/naming/I;Lcom/android/tools/r8/graph/K0;Lcom/android/tools/r8/graph/K0;)I @ 3

Classes redefined (0 events):
No events

Internal exceptions (10 events):
Event: 2416.744 Thread 0x00007fcbc6f0f800 Exception <a 'sun/nio/fs/UnixException'> (0x00000007a0532418) thrown at [/Volumes/Android/buildbot/src/googleplex-android/openjdk/out/hotspot/src/share/vm/prims/jni.cpp, line 710]
Event: 2416.750 Thread 0x00007fcbbfd84000 Exception <a 'sun/nio/fs/UnixException'> (0x00000007a0672198) thrown at [/Volumes/Android/buildbot/src/googleplex-android/openjdk/out/hotspot/src/share/vm/prims/jni.cpp, line 710]
Event: 2416.915 Thread 0x00007fcbc8fd4800 Exception <a 'sun/nio/fs/UnixException'> (0x00000007957767d0) thrown at [/Volumes/Android/buildbot/src/googleplex-android/openjdk/out/hotspot/src/share/vm/prims/jni.cpp, line 710]
Event: 2417.066 Thread 0x00007fcbc8fd4800 Exception <a 'java/lang/NoSuchMethodError': <clinit>> (0x0000000797cea960) thrown at [/Volumes/Android/buildbot/src/googleplex-android/openjdk/out/hotspot/src/share/vm/prims/jni.cpp, line 1615]
Event: 2417.429 Thread 0x00007fcbc6b0d800 Exception <a 'java/lang/NoSuchMethodError': java.lang.Object.lambda$maxBy$1(Ljava/util/Comparator;Ljava/lang/Object;Ljava/lang/Object;)Ljava/lang/Object;> (0x000000079c4e7e38) thrown at [/Volumes/Android/buildbot/src/googleplex-android/openjdk/out/hotspot
Event: 2417.429 Thread 0x00007fcbca950000 Exception <a 'java/lang/NoSuchMethodError': java.lang.Object.lambda$maxBy$1(Ljava/util/Comparator;Ljava/lang/Object;Ljava/lang/Object;)Ljava/lang/Object;> (0x000000079c3d5780) thrown at [/Volumes/Android/buildbot/src/googleplex-android/openjdk/out/hotspot
Event: 2417.429 Thread 0x00007fcbc89f6000 Exception <a 'java/lang/NoSuchMethodError': java.lang.Object.lambda$maxBy$1(Ljava/util/Comparator;Ljava/lang/Object;Ljava/lang/Object;)Ljava/lang/Object;> (0x000000079bf64158) thrown at [/Volumes/Android/buildbot/src/googleplex-android/openjdk/out/hotspot
Event: 2417.617 Thread 0x00007fcbc6b0d800 Exception <a 'sun/nio/fs/UnixException'> (0x000000079d285490) thrown at [/Volumes/Android/buildbot/src/googleplex-android/openjdk/out/hotspot/src/share/vm/prims/jni.cpp, line 710]
Event: 2417.617 Thread 0x00007fcbc6b0d800 Exception <a 'sun/nio/fs/UnixException'> (0x000000079d285ea0) thrown at [/Volumes/Android/buildbot/src/googleplex-android/openjdk/out/hotspot/src/share/vm/prims/jni.cpp, line 710]
Event: 2417.664 Thread 0x00007fcbc6b0d800 Exception <a 'sun/nio/fs/UnixException'> (0x000000079d28c120) thrown at [/Volumes/Android/buildbot/src/googleplex-android/openjdk/out/hotspot/src/share/vm/prims/jni.cpp, line 710]

Events (10 events):
Event: 2418.198 Thread 0x00007fcbc89f6000 DEOPT PACKING pc=0x0000000118c10ace sp=0x000070000ad03c30
Event: 2418.198 Thread 0x00007fcbc89f6000 DEOPT UNPACKING pc=0x00000001162d54c4 sp=0x000070000ad039b0 mode 0
Event: 2418.200 Thread 0x00007fcbc89f6000 DEOPT PACKING pc=0x0000000118c10a96 sp=0x000070000ad03c30
Event: 2418.200 Thread 0x00007fcbc89f6000 DEOPT UNPACKING pc=0x00000001162d54c4 sp=0x000070000ad039b0 mode 0
Event: 2418.203 Thread 0x00007fcbc89f6000 DEOPT PACKING pc=0x0000000118c10ace sp=0x000070000ad03d00
Event: 2418.203 Thread 0x00007fcbc89f6000 DEOPT UNPACKING pc=0x00000001162d54c4 sp=0x000070000ad03a80 mode 0
Event: 2418.203 Executing VM operation: RevokeBias
Event: 2418.204 Executing VM operation: RevokeBias done
Event: 2418.204 Thread 0x00007fcbbf849000 flushing nmethod 0x0000000118251e90
Event: 2418.205 Executing VM operation: RevokeBias


Dynamic libraries:
0x00007fff2db95000 	/System/Library/Frameworks/Cocoa.framework/Versions/A/Cocoa
0x00007fff3b38e000 	/System/Library/Frameworks/Security.framework/Versions/A/Security
0x00007fff2cafa000 	/System/Library/Frameworks/ApplicationServices.framework/Versions/A/ApplicationServices
0x00007fff6804b000 	/usr/lib/libz.1.dylib
0x00007fff65b0f000 	/usr/lib/libSystem.B.dylib
0x00007fff2ea37000 	/System/Library/Frameworks/CoreFoundation.framework/Versions/A/CoreFoundation
0x00007fff310f4000 	/System/Library/Frameworks/Foundation.framework/Versions/C/Foundation
0x00007fff6796f000 	/usr/lib/libobjc.A.dylib
0x00007fff2bcea000 	/System/Library/Frameworks/AppKit.framework/Versions/C/AppKit
0x00007fff2e519000 	/System/Library/Frameworks/CoreData.framework/Versions/A/CoreData
0x00007fff5fb24000 	/System/Library/PrivateFrameworks/UIFoundation.framework/Versions/A/UIFoundation
0x00007fff5abb8000 	/System/Library/PrivateFrameworks/RemoteViewServices.framework/Versions/A/RemoteViewServices
0x00007fff6267f000 	/System/Library/PrivateFrameworks/XCTTargetBootstrap.framework/Versions/A/XCTTargetBootstrap
0x00007fff2e904000 	/System/Library/Frameworks/CoreDisplay.framework/Versions/A/CoreDisplay
0x00007fff33faf000 	/System/Library/Frameworks/Metal.framework/Versions/A/Metal
0x00007fff48ba5000 	/System/Library/PrivateFrameworks/DesktopServicesPriv.framework/Versions/A/DesktopServicesPriv
0x00007fff66c4a000 	/usr/lib/liblangid.dylib
0x00007fff47e3a000 	/System/Library/PrivateFrameworks/CoreSVG.framework/Versions/A/CoreSVG
0x00007fff5dd14000 	/System/Library/PrivateFrameworks/SkyLight.framework/Versions/A/SkyLight
0x00007fff2eeb8000 	/System/Library/Frameworks/CoreGraphics.framework/Versions/A/CoreGraphics
0x00007fff2a6be000 	/System/Library/Frameworks/Accelerate.framework/Versions/A/Accelerate
0x00007fff67f3c000 	/usr/lib/libxml2.2.dylib
0x00007fff53b43000 	/System/Library/PrivateFrameworks/IconServices.framework/Versions/A/IconServices
0x00007fff318d3000 	/System/Library/Frameworks/IOSurface.framework/Versions/A/IOSurface
0x00007fff65639000 	/usr/lib/libDiagnosticMessagesClient.dylib
0x00007fff489ff000 	/System/Library/PrivateFrameworks/DFRFoundation.framework/Versions/A/DFRFoundation
0x00007fff669d9000 	/usr/lib/libicucore.A.dylib
0x00007fff2ce2c000 	/System/Library/Frameworks/AudioToolbox.framework/Versions/A/AudioToolbox
0x00007fff2cf0f000 	/System/Library/Frameworks/AudioUnit.framework/Versions/A/AudioUnit
0x00007fff65d11000 	/usr/lib/libauto.dylib
0x00007fff48aa1000 	/System/Library/PrivateFrameworks/DataDetectorsCore.framework/Versions/A/DataDetectorsCore
0x00007fff2d6b6000 	/System/Library/Frameworks/Carbon.framework/Versions/A/Frameworks/HIToolbox.framework/Versions/A/HIToolbox
0x00007fff3a588000 	/System/Library/Frameworks/QuartzCore.framework/Versions/A/QuartzCore
0x00007fff2d9f5000 	/System/Library/Frameworks/Carbon.framework/Versions/A/Frameworks/SpeechRecognition.framework/Versions/A/SpeechRecognition
0x00007fff48513000 	/System/Library/PrivateFrameworks/CoreUI.framework/Versions/A/CoreUI
0x00007fff2df84000 	/System/Library/Frameworks/CoreAudio.framework/Versions/A/CoreAudio
0x00007fff30db3000 	/System/Library/Frameworks/DiskArbitration.framework/Versions/A/DiskArbitration
0x00007fff55b93000 	/System/Library/PrivateFrameworks/MultitouchSupport.framework/Versions/A/MultitouchSupport
0x00007fff668a0000 	/usr/lib/libenergytrace.dylib
0x00007fff3182d000 	/System/Library/Frameworks/IOKit.framework/Versions/A/IOKit
0x00007fff2fe1f000 	/System/Library/Frameworks/CoreServices.framework/Versions/A/CoreServices
0x00007fff57d4b000 	/System/Library/PrivateFrameworks/PerformanceAnalysis.framework/Versions/A/PerformanceAnalysis
0x00007fff395bb000 	/System/Library/Frameworks/OpenGL.framework/Versions/A/OpenGL
0x00007fff2dba3000 	/System/Library/Frameworks/ColorSync.framework/Versions/A/ColorSync
0x00007fff2f53b000 	/System/Library/Frameworks/CoreImage.framework/Versions/A/CoreImage
0x00007fff30892000 	/System/Library/Frameworks/CoreText.framework/Versions/A/CoreText
0x00007fff31963000 	/System/Library/Frameworks/ImageIO.framework/Versions/A/ImageIO
0x00007fff65df5000 	/usr/lib/libc++.1.dylib
0x00007fff65e71000 	/usr/lib/libcompression.dylib
0x00007fff6597d000 	/usr/lib/libMobileGestalt.dylib
0x00007fff5f88e000 	/System/Library/PrivateFrameworks/TextureIO.framework/Versions/A/TextureIO
0x00007fff65c74000 	/usr/lib/libate.dylib
0x00007fff53d4c000 	/System/Library/PrivateFrameworks/InternationalSupport.framework/Versions/A/InternationalSupport
0x00007fff6890c000 	/usr/lib/system/libcache.dylib
0x00007fff68912000 	/usr/lib/system/libcommonCrypto.dylib
0x00007fff6891e000 	/usr/lib/system/libcompiler_rt.dylib
0x00007fff68926000 	/usr/lib/system/libcopyfile.dylib
0x00007fff68930000 	/usr/lib/system/libcorecrypto.dylib
0x00007fff68acf000 	/usr/lib/system/libdispatch.dylib
0x00007fff68b10000 	/usr/lib/system/libdyld.dylib
0x00007fff68b47000 	/usr/lib/system/libkeymgr.dylib
0x00007fff68b55000 	/usr/lib/system/liblaunch.dylib
0x00007fff68b56000 	/usr/lib/system/libmacho.dylib
0x00007fff68b5c000 	/usr/lib/system/libquarantine.dylib
0x00007fff68b5f000 	/usr/lib/system/libremovefile.dylib
0x00007fff68b61000 	/usr/lib/system/libsystem_asl.dylib
0x00007fff68b79000 	/usr/lib/system/libsystem_blocks.dylib
0x00007fff68b7a000 	/usr/lib/system/libsystem_c.dylib
0x00007fff68c02000 	/usr/lib/system/libsystem_configuration.dylib
0x00007fff68c06000 	/usr/lib/system/libsystem_coreservices.dylib
0x00007fff68c0a000 	/usr/lib/system/libsystem_darwin.dylib
0x00007fff68c13000 	/usr/lib/system/libsystem_dnssd.dylib
0x00007fff68c1b000 	/usr/lib/system/libsystem_featureflags.dylib
0x00007fff68c1d000 	/usr/lib/system/libsystem_info.dylib
0x00007fff68c98000 	/usr/lib/system/libsystem_m.dylib
0x00007fff68ce0000 	/usr/lib/system/libsystem_malloc.dylib
0x00007fff68d08000 	/usr/lib/system/libsystem_networkextension.dylib
0x00007fff68d16000 	/usr/lib/system/libsystem_notify.dylib
0x00007fff68d34000 	/usr/lib/system/libsystem_sandbox.dylib
0x00007fff68d39000 	/usr/lib/system/libsystem_secinit.dylib
0x00007fff68c6b000 	/usr/lib/system/libsystem_kernel.dylib
0x00007fff68d20000 	/usr/lib/system/libsystem_platform.dylib
0x00007fff68d29000 	/usr/lib/system/libsystem_pthread.dylib
0x00007fff68d3c000 	/usr/lib/system/libsystem_symptoms.dylib
0x00007fff68d44000 	/usr/lib/system/libsystem_trace.dylib
0x00007fff68d5c000 	/usr/lib/system/libunwind.dylib
0x00007fff68d62000 	/usr/lib/system/libxpc.dylib
0x00007fff65e48000 	/usr/lib/libc++abi.dylib
0x00007fff66c4c000 	/usr/lib/liblzma.5.dylib
0x00007fff668c7000 	/usr/lib/libfakelink.dylib
0x00007fff65c01000 	/usr/lib/libarchive.2.dylib
0x00007fff3c43f000 	/System/Library/Frameworks/SystemConfiguration.framework/Versions/A/SystemConfiguration
0x00007fff6556c000 	/usr/lib/libCRFSuite.dylib
0x00007fff2d2a6000 	/System/Library/Frameworks/CFNetwork.framework/Versions/A/CFNetwork
0x00007fff65dd7000 	/usr/lib/libbsm.0.dylib
0x00007fff68b48000 	/usr/lib/system/libkxld.dylib
0x00007fff4237c000 	/System/Library/PrivateFrameworks/AppleFSCompression.framework/Versions/A/AppleFSCompression
0x00007fff66162000 	/usr/lib/libcoretls.dylib
0x00007fff66179000 	/usr/lib/libcoretls_cfhelpers.dylib
0x00007fff679b5000 	/usr/lib/libpam.2.dylib
0x00007fff67aea000 	/usr/lib/libsqlite3.dylib
0x00007fff67f29000 	/usr/lib/libxar.1.dylib
0x00007fff65de8000 	/usr/lib/libbz2.1.0.dylib
0x00007fff668e8000 	/usr/lib/libiconv.2.dylib
0x00007fff65e5e000 	/usr/lib/libcharset.1.dylib
0x00007fff67452000 	/usr/lib/libnetwork.dylib
0x00007fff679bc000 	/usr/lib/libpcap.A.dylib
0x00007fff65bb6000 	/usr/lib/libapple_nghttp2.dylib
0x00007fff301d6000 	/System/Library/Frameworks/CoreServices.framework/Versions/A/Frameworks/FSEvents.framework/Versions/A/FSEvents
0x00007fff2fea6000 	/System/Library/Frameworks/CoreServices.framework/Versions/A/Frameworks/CarbonCore.framework/Versions/A/CarbonCore
0x00007fff3041a000 	/System/Library/Frameworks/CoreServices.framework/Versions/A/Frameworks/Metadata.framework/Versions/A/Metadata
0x00007fff304b3000 	/System/Library/Frameworks/CoreServices.framework/Versions/A/Frameworks/OSServices.framework/Versions/A/OSServices
0x00007fff304e1000 	/System/Library/Frameworks/CoreServices.framework/Versions/A/Frameworks/SearchKit.framework/Versions/A/SearchKit
0x00007fff2fe20000 	/System/Library/Frameworks/CoreServices.framework/Versions/A/Frameworks/AE.framework/Versions/A/AE
0x00007fff301df000 	/System/Library/Frameworks/CoreServices.framework/Versions/A/Frameworks/LaunchServices.framework/Versions/A/LaunchServices
0x00007fff30188000 	/System/Library/Frameworks/CoreServices.framework/Versions/A/Frameworks/DictionaryServices.framework/Versions/A/DictionaryServices
0x00007fff30549000 	/System/Library/Frameworks/CoreServices.framework/Versions/A/Frameworks/SharedFileList.framework/Versions/A/SharedFileList
0x00007fff353da000 	/System/Library/Frameworks/NetFS.framework/Versions/A/NetFS
0x00007fff560c3000 	/System/Library/PrivateFrameworks/NetAuth.framework/Versions/A/NetAuth
0x00007fff62a4c000 	/System/Library/PrivateFrameworks/login.framework/Versions/A/Frameworks/loginsupport.framework/Versions/A/loginsupport
0x00007fff5f359000 	/System/Library/PrivateFrameworks/TCC.framework/Versions/A/TCC
0x00007fff46fad000 	/System/Library/PrivateFrameworks/CoreNLP.framework/Versions/A/CoreNLP
0x00007fff555c0000 	/System/Library/PrivateFrameworks/MetadataUtilities.framework/Versions/A/MetadataUtilities
0x00007fff66d24000 	/usr/lib/libmecabra.dylib
0x00007fff66c7c000 	/usr/lib/libmecab.dylib
0x00007fff668d8000 	/usr/lib/libgermantok.dylib
0x00007fff65b9d000 	/usr/lib/libThaiTokenizer.dylib
0x00007fff655a3000 	/usr/lib/libChineseTokenizer.dylib
0x00007fff2a6d6000 	/System/Library/Frameworks/Accelerate.framework/Versions/A/Frameworks/vImage.framework/Versions/A/vImage
0x00007fff2bb40000 	/System/Library/Frameworks/Accelerate.framework/Versions/A/Frameworks/vecLib.framework/Versions/A/vecLib
0x00007fff2ba7d000 	/System/Library/Frameworks/Accelerate.framework/Versions/A/Frameworks/vecLib.framework/Versions/A/libvMisc.dylib
0x00007fff2b8a5000 	/System/Library/Frameworks/Accelerate.framework/Versions/A/Frameworks/vecLib.framework/Versions/A/libvDSP.dylib
0x00007fff2ad2d000 	/System/Library/Frameworks/Accelerate.framework/Versions/A/Frameworks/vecLib.framework/Versions/A/libBLAS.dylib
0x00007fff2b469000 	/System/Library/Frameworks/Accelerate.framework/Versions/A/Frameworks/vecLib.framework/Versions/A/libLAPACK.dylib
0x00007fff2b805000 	/System/Library/Frameworks/Accelerate.framework/Versions/A/Frameworks/vecLib.framework/Versions/A/libLinearAlgebra.dylib
0x00007fff2b892000 	/System/Library/Frameworks/Accelerate.framework/Versions/A/Frameworks/vecLib.framework/Versions/A/libSparseBLAS.dylib
0x00007fff2b81b000 	/System/Library/Frameworks/Accelerate.framework/Versions/A/Frameworks/vecLib.framework/Versions/A/libQuadrature.dylib
0x00007fff2af95000 	/System/Library/Frameworks/Accelerate.framework/Versions/A/Frameworks/vecLib.framework/Versions/A/libBNNS.dylib
0x00007fff2b821000 	/System/Library/Frameworks/Accelerate.framework/Versions/A/Frameworks/vecLib.framework/Versions/A/libSparse.dylib
0x00007fff54134000 	/System/Library/PrivateFrameworks/LanguageModeling.framework/Versions/A/LanguageModeling
0x00007fff4695d000 	/System/Library/PrivateFrameworks/CoreEmoji.framework/Versions/A/CoreEmoji
0x00007fff54252000 	/System/Library/PrivateFrameworks/LinguisticData.framework/Versions/A/LinguisticData
0x00007fff54203000 	/System/Library/PrivateFrameworks/Lexicon.framework/Versions/A/Lexicon
0x00007fff65e5f000 	/usr/lib/libcmph.dylib
0x00007fff37fc9000 	/System/Library/Frameworks/OpenDirectory.framework/Versions/A/Frameworks/CFOpenDirectory.framework/Versions/A/CFOpenDirectory
0x00007fff37fe6000 	/System/Library/Frameworks/OpenDirectory.framework/Versions/A/OpenDirectory
0x00007fff40429000 	/System/Library/PrivateFrameworks/APFS.framework/Versions/A/APFS
0x00007fff3b6d8000 	/System/Library/Frameworks/SecurityFoundation.framework/Versions/A/SecurityFoundation
0x00007fff67f25000 	/usr/lib/libutil.dylib
0x00007fff47e92000 	/System/Library/PrivateFrameworks/CoreServicesStore.framework/Versions/A/CoreServicesStore
0x00007fff3b78f000 	/System/Library/Frameworks/ServiceManagement.framework/Versions/A/ServiceManagement
0x00007fff43b4c000 	/System/Library/PrivateFrameworks/BackgroundTaskManagement.framework/Versions/A/BackgroundTaskManagement
0x00007fff68022000 	/usr/lib/libxslt.1.dylib
0x00007fff429ef000 	/System/Library/PrivateFrameworks/AppleSystemInfo.framework/Versions/A/AppleSystemInfo
0x00007fff31b7e000 	/System/Library/Frameworks/ImageIO.framework/Versions/A/Resources/libJPEG.dylib
0x00007fff31e3d000 	/System/Library/Frameworks/ImageIO.framework/Versions/A/Resources/libTIFF.dylib
0x00007fff31e20000 	/System/Library/Frameworks/ImageIO.framework/Versions/A/Resources/libPng.dylib
0x00007fff31ac0000 	/System/Library/Frameworks/ImageIO.framework/Versions/A/Resources/libGIF.dylib
0x00007fff31ac4000 	/System/Library/Frameworks/ImageIO.framework/Versions/A/Resources/libJP2.dylib
0x00007fff31e3b000 	/System/Library/Frameworks/ImageIO.framework/Versions/A/Resources/libRadiance.dylib
0x00007fff668a1000 	/usr/lib/libexpat.1.dylib
0x00007fff424d7000 	/System/Library/PrivateFrameworks/AppleJPEG.framework/Versions/A/AppleJPEG
0x00007fff4b1a8000 	/System/Library/PrivateFrameworks/FontServices.framework/libFontParser.dylib
0x00007fff61a4e000 	/System/Library/PrivateFrameworks/WatchdogClient.framework/Versions/A/WatchdogClient
0x00007fff5378f000 	/System/Library/PrivateFrameworks/IOAccelerator.framework/Versions/A/IOAccelerator
0x00007fff3434a000 	/System/Library/Frameworks/MetalPerformanceShaders.framework/Versions/A/MetalPerformanceShaders
0x00007fff4ff25000 	/System/Library/PrivateFrameworks/GPUWrangler.framework/Versions/A/GPUWrangler
0x00007fff537a4000 	/System/Library/PrivateFrameworks/IOPresentment.framework/Versions/A/IOPresentment
0x00007fff48a12000 	/System/Library/PrivateFrameworks/DSExternalDisplay.framework/Versions/A/DSExternalDisplay
0x00007fff3895a000 	/System/Library/Frameworks/OpenGL.framework/Versions/A/Libraries/libCoreFSCache.dylib
0x00007fff34096000 	/System/Library/Frameworks/MetalPerformanceShaders.framework/Frameworks/MPSCore.framework/Versions/A/MPSCore
0x00007fff340d4000 	/System/Library/Frameworks/MetalPerformanceShaders.framework/Frameworks/MPSImage.framework/Versions/A/MPSImage
0x00007fff3419b000 	/System/Library/Frameworks/MetalPerformanceShaders.framework/Frameworks/MPSNeuralNetwork.framework/Versions/A/MPSNeuralNetwork
0x00007fff3415f000 	/System/Library/Frameworks/MetalPerformanceShaders.framework/Frameworks/MPSMatrix.framework/Versions/A/MPSMatrix
0x00007fff342fa000 	/System/Library/Frameworks/MetalPerformanceShaders.framework/Frameworks/MPSRayIntersector.framework/Versions/A/MPSRayIntersector
0x00007fff34185000 	/System/Library/Frameworks/MetalPerformanceShaders.framework/Frameworks/MPSNDArray.framework/Versions/A/MPSNDArray
0x00007fff5560d000 	/System/Library/PrivateFrameworks/MetalTools.framework/Versions/A/MetalTools
0x00007fff41603000 	/System/Library/PrivateFrameworks/AggregateDictionary.framework/Versions/A/AggregateDictionary
0x00007fff463a5000 	/System/Library/PrivateFrameworks/CoreAnalytics.framework/Versions/A/CoreAnalytics
0x00007fff4290e000 	/System/Library/PrivateFrameworks/AppleSauce.framework/Versions/A/AppleSauce
0x00007fff6585f000 	/usr/lib/libIOReport.dylib
0x00007fff30a4a000 	/System/Library/Frameworks/CoreVideo.framework/Versions/A/CoreVideo
0x00007fff5139e000 	/System/Library/PrivateFrameworks/GraphVisualizer.framework/Versions/A/GraphVisualizer
0x00007fff4a6ee000 	/System/Library/PrivateFrameworks/FaceCore.framework/Versions/A/FaceCore
0x00007fff37f70000 	/System/Library/Frameworks/OpenCL.framework/Versions/A/OpenCL
0x00007fff65681000 	/usr/lib/libFosl_dynamic.dylib
0x00007fff56ae3000 	/System/Library/PrivateFrameworks/OTSVG.framework/Versions/A/OTSVG
0x00007fff2cbff000 	/System/Library/Frameworks/ApplicationServices.framework/Versions/A/Frameworks/ATS.framework/Versions/A/Resources/libFontRegistry.dylib
0x00007fff4b379000 	/System/Library/PrivateFrameworks/FontServices.framework/libhvf.dylib
0x00007fff38965000 	/System/Library/Frameworks/OpenGL.framework/Versions/A/Libraries/libGFXShared.dylib
0x00007fff38b43000 	/System/Library/Frameworks/OpenGL.framework/Versions/A/Libraries/libGLU.dylib
0x00007fff3896e000 	/System/Library/Frameworks/OpenGL.framework/Versions/A/Libraries/libGL.dylib
0x00007fff38979000 	/System/Library/Frameworks/OpenGL.framework/Versions/A/Libraries/libGLImage.dylib
0x00007fff38957000 	/System/Library/Frameworks/OpenGL.framework/Versions/A/Libraries/libCVMSPluginSupport.dylib
0x00007fff38960000 	/System/Library/Frameworks/OpenGL.framework/Versions/A/Libraries/libCoreVMClient.dylib
0x00007fff672f3000 	/usr/lib/libncurses.5.4.dylib
0x00007fff2cafb000 	/System/Library/Frameworks/ApplicationServices.framework/Versions/A/Frameworks/ATS.framework/Versions/A/ATS
0x00007fff2ccc8000 	/System/Library/Frameworks/ApplicationServices.framework/Versions/A/Frameworks/ColorSyncLegacy.framework/Versions/A/ColorSyncLegacy
0x00007fff2cd66000 	/System/Library/Frameworks/ApplicationServices.framework/Versions/A/Frameworks/HIServices.framework/Versions/A/HIServices
0x00007fff2cdbe000 	/System/Library/Frameworks/ApplicationServices.framework/Versions/A/Frameworks/LangAnalysis.framework/Versions/A/LangAnalysis
0x00007fff2cdcd000 	/System/Library/Frameworks/ApplicationServices.framework/Versions/A/Frameworks/PrintCore.framework/Versions/A/PrintCore
0x00007fff2ce13000 	/System/Library/Frameworks/ApplicationServices.framework/Versions/A/Frameworks/QD.framework/Versions/A/QD
0x00007fff2ce1e000 	/System/Library/Frameworks/ApplicationServices.framework/Versions/A/Frameworks/SpeechSynthesis.framework/Versions/A/SpeechSynthesis
0x00007fff2cc98000 	/System/Library/Frameworks/ApplicationServices.framework/Versions/A/Frameworks/ATSUI.framework/Versions/A/ATSUI
0x00007fff66737000 	/usr/lib/libcups.2.dylib
0x00007fff333e5000 	/System/Library/Frameworks/Kerberos.framework/Versions/A/Kerberos
0x00007fff31526000 	/System/Library/Frameworks/GSS.framework/Versions/A/GSS
0x00007fff67a76000 	/usr/lib/libresolv.9.dylib
0x00007fff5154b000 	/System/Library/PrivateFrameworks/Heimdal.framework/Versions/A/Heimdal
0x00007fff333f8000 	/System/Library/Frameworks/Kerberos.framework/Versions/A/Libraries/libHeimdalProxy.dylib
0x00007fff668de000 	/usr/lib/libheimdal-asn1.dylib
0x00007fff4583d000 	/System/Library/PrivateFrameworks/CommonAuth.framework/Versions/A/CommonAuth
0x00007fff42a8c000 	/System/Library/PrivateFrameworks/AssertionServices.framework/Versions/A/AssertionServices
0x00007fff4362f000 	/System/Library/PrivateFrameworks/AudioToolboxCore.framework/Versions/A/AudioToolboxCore
0x00007fff626fc000 	/System/Library/PrivateFrameworks/caulk.framework/Versions/A/caulk
0x00007fff43bf8000 	/System/Library/PrivateFrameworks/BaseBoard.framework/Versions/A/BaseBoard
0x00007fff5ad46000 	/System/Library/PrivateFrameworks/RunningBoardServices.framework/Versions/A/RunningBoardServices
0x00007fff57d57000 	/System/Library/PrivateFrameworks/PersistentConnection.framework/Versions/A/PersistentConnection
0x00007fff5a73f000 	/System/Library/PrivateFrameworks/ProtocolBuffer.framework/Versions/A/ProtocolBuffer
0x00007fff45861000 	/System/Library/PrivateFrameworks/CommonUtilities.framework/Versions/A/CommonUtilities
0x00007fff43d86000 	/System/Library/PrivateFrameworks/Bom.framework/Versions/A/Bom
0x00007fff65532000 	/usr/lib/libAudioToolboxUtility.dylib
0x00007fff43b56000 	/System/Library/PrivateFrameworks/Backup.framework/Versions/A/Backup
0x00007fff48933000 	/System/Library/PrivateFrameworks/CrashReporterSupport.framework/Versions/A/CrashReporterSupport
0x00007fff5c7d8000 	/System/Library/PrivateFrameworks/Sharing.framework/Versions/A/Sharing
0x00007fff4209a000 	/System/Library/PrivateFrameworks/Apple80211.framework/Versions/A/Apple80211
0x00007fff43873000 	/System/Library/PrivateFrameworks/AuthKit.framework/Versions/A/AuthKit
0x00007fff48640000 	/System/Library/PrivateFrameworks/CoreUtils.framework/Versions/A/CoreUtils
0x00007fff30a8f000 	/System/Library/Frameworks/CoreWLAN.framework/Versions/A/CoreWLAN
0x00007fff316b3000 	/System/Library/Frameworks/IOBluetooth.framework/Versions/A/IOBluetooth
0x00007fff55912000 	/System/Library/PrivateFrameworks/MobileKeyBag.framework/Versions/A/MobileKeyBag
0x00007fff47445000 	/System/Library/PrivateFrameworks/CorePhoneNumbers.framework/Versions/A/CorePhoneNumbers
0x00007fff4248a000 	/System/Library/PrivateFrameworks/AppleIDAuthSupport.framework/Versions/A/AppleIDAuthSupport
0x00007fff353e7000 	/System/Library/Frameworks/Network.framework/Versions/A/Network
0x00007fff53fe0000 	/System/Library/PrivateFrameworks/KeychainCircle.framework/Versions/A/KeychainCircle
0x00007fff2e4e0000 	/System/Library/Frameworks/CoreBluetooth.framework/Versions/A/CoreBluetooth
0x00007fff5e857000 	/System/Library/PrivateFrameworks/SpeechRecognitionCore.framework/Versions/A/SpeechRecognitionCore
0x000000010aa00000 	/Applications/Android Studio.app/Contents/jre/jdk/Contents/Home/jre/lib/server/libjvm.dylib
0x00007fff67df8000 	/usr/lib/libstdc++.6.dylib
0x00000001098ef000 	/Applications/Android Studio.app/Contents/jre/jdk/Contents/Home/jre/lib/libverify.dylib
0x0000000109901000 	/Applications/Android Studio.app/Contents/jre/jdk/Contents/Home/jre/lib/libjava.dylib
0x0000000109995000 	/Applications/Android Studio.app/Contents/jre/jdk/Contents/Home/jre/lib/libzip.dylib
0x0000000112c4f000 	/Applications/Android Studio.app/Contents/jre/jdk/Contents/Home/jre/lib/libnio.dylib
0x0000000112c6a000 	/Applications/Android Studio.app/Contents/jre/jdk/Contents/Home/jre/lib/libnet.dylib
0x0000000113185000 	/Users/goose/.gradle/native/31/osx-amd64/libnative-platform.dylib
0x00000001134b4000 	/Applications/Android Studio.app/Contents/jre/jdk/Contents/Home/jre/lib/libmanagement.dylib
0x000000012668e000 	/Applications/Android Studio.app/Contents/jre/jdk/Contents/Home/jre/lib/libsunec.dylib
0x0000000127cc3000 	/Applications/Android Studio.app/Contents/jre/jdk/Contents/Home/jre/lib/libawt.dylib
0x0000000127d84000 	/Applications/Android Studio.app/Contents/jre/jdk/Contents/Home/jre/lib/libmlib_image.dylib
0x00007fff333cf000 	/System/Library/Frameworks/JavaVM.framework/Versions/A/Frameworks/JavaNativeFoundation.framework/Versions/A/JavaNativeFoundation
0x00007fff333d8000 	/System/Library/Frameworks/JavaVM.framework/Versions/A/Frameworks/JavaRuntimeSupport.framework/Versions/A/JavaRuntimeSupport
0x00007fff333e0000 	/System/Library/Frameworks/JavaVM.framework/Versions/A/JavaVM
0x00007fff53df7000 	/System/Library/PrivateFrameworks/JavaLaunching.framework/Versions/A/JavaLaunching
0x00007fff2d6b1000 	/System/Library/Frameworks/Carbon.framework/Versions/A/Carbon
0x00007fff483e5000 	/System/Library/PrivateFrameworks/CoreSymbolication.framework/Versions/A/CoreSymbolication
0x00007fff2d6b2000 	/System/Library/Frameworks/Carbon.framework/Versions/A/Frameworks/CommonPanels.framework/Versions/A/CommonPanels
0x00007fff2d9ab000 	/System/Library/Frameworks/Carbon.framework/Versions/A/Frameworks/Help.framework/Versions/A/Help
0x00007fff2d9af000 	/System/Library/Frameworks/Carbon.framework/Versions/A/Frameworks/ImageCapture.framework/Versions/A/ImageCapture
0x00007fff2d9b6000 	/System/Library/Frameworks/Carbon.framework/Versions/A/Frameworks/OpenScripting.framework/Versions/A/OpenScripting
0x00007fff2d9b5000 	/System/Library/Frameworks/Carbon.framework/Versions/A/Frameworks/Ink.framework/Versions/A/Ink
0x00007fff2d9f1000 	/System/Library/Frameworks/Carbon.framework/Versions/A/Frameworks/Print.framework/Versions/A/Print
0x00007fff2d9f2000 	/System/Library/Frameworks/Carbon.framework/Versions/A/Frameworks/SecurityHI.framework/Versions/A/SecurityHI
0x00007fff48b67000 	/System/Library/PrivateFrameworks/DebugSymbols.framework/Versions/A/DebugSymbols
0x0000000127e4a000 	/Applications/Android Studio.app/Contents/jre/jdk/Contents/Home/jre/lib/libawt_lwawt.dylib
0x0000000127f39000 	/Applications/Android Studio.app/Contents/jre/jdk/Contents/Home/jre/lib/libosxapp.dylib
0x00007fff30f8f000 	/System/Library/Frameworks/ExceptionHandling.framework/Versions/A/ExceptionHandling
0x0000000116181000 	/private/var/folders/yy/drr_ls_94fsdzbr5n8hmkwb80000gn/T/native-platform604133502572106343dir/libnative-platform.dylib
0x00000001290c4000 	/private/var/folders/yy/drr_ls_94fsdzbr5n8hmkwb80000gn/T/sqlite-3.25.2-66a1f93d-88a0-4f35-a868-919dc392fd46-libsqlitejdbc.jnilib

VM Arguments:
jvm_args: -Xmx2048m -Dfile.encoding=UTF-8 -Duser.country=US -Duser.language=en -Duser.variant 
java_command: org.gradle.launcher.daemon.bootstrap.GradleDaemon 6.1.1
java_class_path (initial): /Users/goose/.gradle/wrapper/dists/gradle-6.1.1-all/cfmwm155h49vnt3hynmlrsdst/gradle-6.1.1/lib/gradle-launcher-6.1.1.jar
Launcher Type: SUN_STANDARD

Environment Variables:
PATH=/Users/goose/google-cloud-sdk/bin:/Users/goose/.nvm/versions/node/v6.11.3/bin:/Library/Frameworks/Python.framework/Versions/3.6/bin:/usr/local/bin:/usr/bin:/bin:/usr/sbin:/sbin:/usr/local/share/dotnet:/Library/Frameworks/Mono.framework/Versions/Current/Commands:/Applications/Xamarin Workbooks.app/Contents/SharedSupport/path-bin:/Applications/Postgres.app/Contents/Versions/9.6/bin:./node_modules/.bin
SHELL=/bin/bash

Signal Handlers:
SIGSEGV: [libjvm.dylib+0x565c43], sa_mask[0]=11111111011111110111111111111111, sa_flags=SA_ONSTACK|SA_RESTART|SA_SIGINFO
SIGBUS: [libjvm.dylib+0x565c43], sa_mask[0]=11111111011111110111111111111111, sa_flags=SA_RESTART|SA_SIGINFO
SIGFPE: [libjvm.dylib+0x45dd9d], sa_mask[0]=11111111011111110111111111111111, sa_flags=SA_RESTART|SA_SIGINFO
SIGPIPE: [libjvm.dylib+0x45dd9d], sa_mask[0]=11111111011111110111111111111111, sa_flags=SA_RESTART|SA_SIGINFO
SIGXFSZ: [libjvm.dylib+0x45dd9d], sa_mask[0]=11111111011111110111111111111111, sa_flags=SA_RESTART|SA_SIGINFO
SIGILL: [libjvm.dylib+0x45dd9d], sa_mask[0]=11111111011111110111111111111111, sa_flags=SA_RESTART|SA_SIGINFO
SIGUSR1: SIG_DFL, sa_mask[0]=00000000000000000000000000000000, sa_flags=none
SIGUSR2: [libjvm.dylib+0x45e69c], sa_mask[0]=00100000000000000000000000000000, sa_flags=SA_RESTART|SA_SIGINFO
SIGHUP: [libjvm.dylib+0x45c8c1], sa_mask[0]=11111111011111110111111111111111, sa_flags=SA_RESTART|SA_SIGINFO
SIGINT: [libjvm.dylib+0x45c8c1], sa_mask[0]=11111111011111110111111111111111, sa_flags=SA_RESTART|SA_SIGINFO
SIGTERM: [libjvm.dylib+0x45c8c1], sa_mask[0]=11111111011111110111111111111111, sa_flags=SA_RESTART|SA_SIGINFO
SIGQUIT: [libjvm.dylib+0x45c8c1], sa_mask[0]=11111111011111110111111111111111, sa_flags=SA_RESTART|SA_SIGINFO


---------------  S Y S T E M  ---------------

OS:Bsduname:Darwin 19.6.0 Darwin Kernel Version 19.6.0: Mon Aug 31 22:12:52 PDT 2020; root:xnu-6153.141.2~1/RELEASE_X86_64 x86_64
rlimit: STACK 8192k, CORE 0k, NPROC 2784, NOFILE 10240, AS infinity
load average:4.79 3.00 2.61

CPU:total 8 (initial active 8) (4 cores per cpu, 2 threads per core) family 6 model 94 stepping 3, cmov, cx8, fxsr, mmx, sse, sse2, sse3, ssse3, sse4.1, sse4.2, popcnt, avx, avx2, aes, clmul, erms, rtm, 3dnowpref, lzcnt, ht, tsc, tscinvbit, bmi1, bmi2, adx

Memory: 4k page, physical 16777216k(31140k free)

/proc/meminfo:


vm_info: OpenJDK 64-Bit Server VM (25.242-b3-6222593) for bsd-amd64 JRE (1.8.0_242-release-1644-b3-6222593), built by "android-build" with gcc 4.2.1 Compatible Android (5484270 based on r353983c) Clang 9.0.3 (https://android.googlesource.com/toolchain/clang 745b335211bb9eadfa6aa6301f84715cee4b37c5) (https://android.googlesource.com/toolchain/llvm 60cf23e54e46c807513f7a36d0a7b777920b5881)

time: Sun Nov  1 23:10:12 2020
timezone: MST
elapsed time: 2418 seconds (0d 0h 40m 18s)

